

Started GET "/" for 127.0.0.1 at 2014-05-15 14:47:43 +1000
Processing by Rails::WelcomeController#index as HTML
  Rendered /home/jack/.rvm/gems/ruby-2.1.0/gems/railties-4.0.4/lib/rails/templates/rails/welcome/index.html.erb (2.4ms)
Completed 200 OK in 38ms (Views: 10.4ms | ActiveRecord: 0.0ms)
  [1m[36m (105.1ms)[0m  [1mCREATE TABLE "schema_migrations" ("version" varchar(255) NOT NULL) [0m
  [1m[35m (100.4ms)[0m  CREATE UNIQUE INDEX "unique_schema_migrations" ON "schema_migrations" ("version")
  [1m[36mActiveRecord::SchemaMigration Load (0.2ms)[0m  [1mSELECT "schema_migrations".* FROM "schema_migrations"[0m
Migrating to CreatePeople (20140515051923)
  [1m[35m (0.1ms)[0m  begin transaction
  [1m[36m (0.1ms)[0m  [1mrollback transaction[0m


Started GET "/" for 127.0.0.1 at 2014-05-15 15:22:49 +1000
  [1m[36mActiveRecord::SchemaMigration Load (0.2ms)[0m  [1mSELECT "schema_migrations".* FROM "schema_migrations"[0m

ActiveRecord::PendingMigrationError (Migrations are pending; run 'bin/rake db:migrate RAILS_ENV=development' to resolve this issue.):
  activerecord (4.0.4) lib/active_record/migration.rb:383:in `check_pending!'
  activerecord (4.0.4) lib/active_record/migration.rb:370:in `call'
  actionpack (4.0.4) lib/action_dispatch/middleware/callbacks.rb:29:in `block in call'
  activesupport (4.0.4) lib/active_support/callbacks.rb:373:in `_run__462869186__call__callbacks'
  activesupport (4.0.4) lib/active_support/callbacks.rb:80:in `run_callbacks'
  actionpack (4.0.4) lib/action_dispatch/middleware/callbacks.rb:27:in `call'
  actionpack (4.0.4) lib/action_dispatch/middleware/reloader.rb:64:in `call'
  actionpack (4.0.4) lib/action_dispatch/middleware/remote_ip.rb:76:in `call'
  actionpack (4.0.4) lib/action_dispatch/middleware/debug_exceptions.rb:17:in `call'
  actionpack (4.0.4) lib/action_dispatch/middleware/show_exceptions.rb:30:in `call'
  railties (4.0.4) lib/rails/rack/logger.rb:38:in `call_app'
  railties (4.0.4) lib/rails/rack/logger.rb:20:in `block in call'
  activesupport (4.0.4) lib/active_support/tagged_logging.rb:68:in `block in tagged'
  activesupport (4.0.4) lib/active_support/tagged_logging.rb:26:in `tagged'
  activesupport (4.0.4) lib/active_support/tagged_logging.rb:68:in `tagged'
  railties (4.0.4) lib/rails/rack/logger.rb:20:in `call'
  actionpack (4.0.4) lib/action_dispatch/middleware/request_id.rb:21:in `call'
  rack (1.5.2) lib/rack/methodoverride.rb:21:in `call'
  rack (1.5.2) lib/rack/runtime.rb:17:in `call'
  activesupport (4.0.4) lib/active_support/cache/strategy/local_cache.rb:83:in `call'
  rack (1.5.2) lib/rack/lock.rb:17:in `call'
  actionpack (4.0.4) lib/action_dispatch/middleware/static.rb:64:in `call'
  rack (1.5.2) lib/rack/sendfile.rb:112:in `call'
  railties (4.0.4) lib/rails/engine.rb:511:in `call'
  railties (4.0.4) lib/rails/application.rb:97:in `call'
  rack (1.5.2) lib/rack/lock.rb:17:in `call'
  rack (1.5.2) lib/rack/content_length.rb:14:in `call'
  rack (1.5.2) lib/rack/handler/webrick.rb:60:in `service'
  /home/jack/.rvm/rubies/ruby-2.1.0/lib/ruby/2.1.0/webrick/httpserver.rb:138:in `service'
  /home/jack/.rvm/rubies/ruby-2.1.0/lib/ruby/2.1.0/webrick/httpserver.rb:94:in `run'
  /home/jack/.rvm/rubies/ruby-2.1.0/lib/ruby/2.1.0/webrick/server.rb:295:in `block in start_thread'


  Rendered /home/jack/.rvm/gems/ruby-2.1.0/gems/actionpack-4.0.4/lib/action_dispatch/middleware/templates/rescues/_source.erb (1.0ms)
  Rendered /home/jack/.rvm/gems/ruby-2.1.0/gems/actionpack-4.0.4/lib/action_dispatch/middleware/templates/rescues/_trace.erb (1.8ms)
  Rendered /home/jack/.rvm/gems/ruby-2.1.0/gems/actionpack-4.0.4/lib/action_dispatch/middleware/templates/rescues/_request_and_response.erb (1.5ms)
  Rendered /home/jack/.rvm/gems/ruby-2.1.0/gems/actionpack-4.0.4/lib/action_dispatch/middleware/templates/rescues/diagnostics.erb within rescues/layout (24.2ms)
  [1m[36mActiveRecord::SchemaMigration Load (0.1ms)[0m  [1mSELECT "schema_migrations".* FROM "schema_migrations"[0m
Migrating to CreatePeople (20140515051923)
  [1m[35m (0.1ms)[0m  begin transaction
  [1m[36m (0.1ms)[0m  [1mrollback transaction[0m
  [1m[36mActiveRecord::SchemaMigration Load (0.1ms)[0m  [1mSELECT "schema_migrations".* FROM "schema_migrations"[0m
Migrating to CreatePeople (20140515051923)
  [1m[35m (0.1ms)[0m  begin transaction
  [1m[36m (0.1ms)[0m  [1mrollback transaction[0m
  [1m[36mActiveRecord::SchemaMigration Load (0.1ms)[0m  [1mSELECT "schema_migrations".* FROM "schema_migrations"[0m
Migrating to CreatePeople (20140515051923)
  [1m[35m (0.1ms)[0m  begin transaction
  [1m[36m (0.6ms)[0m  [1mCREATE TABLE "people" ("id" INTEGER PRIMARY KEY AUTOINCREMENT NOT NULL, "name" text, "created_at" datetime, "updated_at" datetime) [0m
  [1m[35mSQL (0.3ms)[0m  INSERT INTO "schema_migrations" ("version") VALUES (?)  [["version", "20140515051923"]]
  [1m[36m (139.2ms)[0m  [1mcommit transaction[0m
  [1m[35mActiveRecord::SchemaMigration Load (0.1ms)[0m  SELECT "schema_migrations".* FROM "schema_migrations"


Started GET "/" for 127.0.0.1 at 2014-05-15 15:25:09 +1000
  [1m[35mActiveRecord::SchemaMigration Load (0.1ms)[0m  SELECT "schema_migrations".* FROM "schema_migrations"
Processing by Rails::WelcomeController#index as HTML
  Rendered /home/jack/.rvm/gems/ruby-2.1.0/gems/railties-4.0.4/lib/rails/templates/rails/welcome/index.html.erb (1.2ms)
Completed 200 OK in 33ms (Views: 3.9ms | ActiveRecord: 0.0ms)


Started GET "/people" for 127.0.0.1 at 2014-05-15 15:25:13 +1000
Processing by PeopleController#index as HTML
  [1m[36mPerson Load (0.2ms)[0m  [1mSELECT "people".* FROM "people"[0m
  Rendered people/index.html.erb within layouts/application (2.3ms)
Completed 200 OK in 1252ms (Views: 1248.1ms | ActiveRecord: 0.2ms)


Started GET "/assets/scaffolds.css?body=1" for 127.0.0.1 at 2014-05-15 15:25:14 +1000


Started GET "/assets/people.js?body=1" for 127.0.0.1 at 2014-05-15 15:25:14 +1000


Started GET "/assets/people.css?body=1" for 127.0.0.1 at 2014-05-15 15:25:14 +1000


Started GET "/assets/jquery_ujs.js?body=1" for 127.0.0.1 at 2014-05-15 15:25:14 +1000


Started GET "/assets/turbolinks.js?body=1" for 127.0.0.1 at 2014-05-15 15:25:14 +1000


Started GET "/assets/application.css?body=1" for 127.0.0.1 at 2014-05-15 15:25:14 +1000


Started GET "/assets/jquery.js?body=1" for 127.0.0.1 at 2014-05-15 15:25:14 +1000


Started GET "/assets/application.js?body=1" for 127.0.0.1 at 2014-05-15 15:25:14 +1000
